<?xml version="1.0" encoding="UTF-8"?>
<testsuite xmlns:xsi="http://www.w3.org/2001/XMLSchema-instance" xsi:noNamespaceSchemaLocation="https://maven.apache.org/surefire/maven-surefire-plugin/xsd/surefire-test-report-3.0.xsd" version="3.0" name="com.trading.depthcharts.DepthChartManagerTest" time="0.043" tests="30" errors="0" skipped="0" failures="0">
  <properties>
[...]
</properties>
  <testcase name="testAddPlayerInsertMiddle" classname="com.trading.depthcharts.DepthChartManagerTest" time="0.01">
    <system-out><![CDATA[[TB] ADD | Tom Brady at QB | Inserted at depth 0.
[TB] ADD | Kyle Trask at QB | Inserted at depth 1.
[TB] ADD | Blaine Gabbert at QB | Inserted at depth 1.
[TB] QUERY | Tom Brady at QB | Found 2 backup(s).
]]></system-out>
  </testcase>
  <testcase name="testGetBackupsNullPlayer" classname="com.trading.depthcharts.DepthChartManagerTest" time="0.001"/>
  <testcase name="testGetBackupsWrongPosition" classname="com.trading.depthcharts.DepthChartManagerTest" time="0.001">
    <system-out><![CDATA[[TB] ADD | Mike Evans at LWR | Inserted at depth 0.
[TB] ADD | Tom Brady at QB | Inserted at depth 0.
[TB] QUERY | Mike Evans at QB | Player is not currently listed at this position.
]]></system-out>
  </testcase>
  <testcase name="testRemovePlayerInvalidPosition" classname="com.trading.depthcharts.DepthChartManagerTest" time="0.001"/>
  <testcase name="testRemovalFlow" classname="com.trading.depthcharts.DepthChartManagerTest" time="0.0">
    <system-out><![CDATA[[TB] ADD | Mike Evans at LWR | Inserted at depth 0.
[TB] ADD | Jaelon Darden at LWR | Inserted at depth 1.
[TB] ADD | Scott Miller at LWR | Inserted at depth 2.
[TB] REMOVE | Mike Evans at LWR | Removed successfully.
[TB] QUERY | Jaelon Darden at LWR | Found 1 backup(s).
]]></system-out>
  </testcase>
  <testcase name="testAddPlayerNullPlayer" classname="com.trading.depthcharts.DepthChartManagerTest" time="0.0"/>
  <testcase name="testGetBackupsSequence" classname="com.trading.depthcharts.DepthChartManagerTest" time="0.001">
    <system-out><![CDATA[[TB] ADD | Tom Brady at QB | Inserted at depth 0.
[TB] ADD | Blaine Gabbert at QB | Inserted at depth 1.
[TB] ADD | Kyle Trask at QB | Inserted at depth 2.
[TB] ADD | Mike Evans at LWR | Inserted at depth 0.
[TB] ADD | Jaelon Darden at LWR | Inserted at depth 1.
[TB] ADD | Scott Miller at LWR | Inserted at depth 2.
[TB] QUERY | Tom Brady at QB | Found 2 backup(s).
[TB] QUERY | Jaelon Darden at LWR | Found 1 backup(s).
[TB] QUERY | Kyle Trask at QB | Found 0 backup(s).
]]></system-out>
  </testcase>
  <testcase name="testAddPlayerNullPostion" classname="com.trading.depthcharts.DepthChartManagerTest" time="0.002"/>
  <testcase name="testGetFullDepthChart" classname="com.trading.depthcharts.DepthChartManagerTest" time="0.002"/>
  <testcase name="testGetBackups" classname="com.trading.depthcharts.DepthChartManagerTest" time="0.001"/>
  <testcase name="testPlayerMultiplePositions" classname="com.trading.depthcharts.DepthChartManagerTest" time="0.0"/>
  <testcase name="testGetBackupsPositionMissing" classname="com.trading.depthcharts.DepthChartManagerTest" time="0.0"/>
  <testcase name="testRemovePlayerNullPosition" classname="com.trading.depthcharts.DepthChartManagerTest" time="0.001"/>
  <testcase name="testRemovePlayer" classname="com.trading.depthcharts.DepthChartManagerTest" time="0.0"/>
  <testcase name="testRemovePlayerNullPlayer" classname="com.trading.depthcharts.DepthChartManagerTest" time="0.001"/>
  <testcase name="testAddPlayerDuplicateEntry" classname="com.trading.depthcharts.DepthChartManagerTest" time="0.001"/>
  <testcase name="testAddPlayerMaxRosterSize" classname="com.trading.depthcharts.DepthChartManagerTest" time="0.003"/>
  <testcase name="testGetBackupsInvalidPosition" classname="com.trading.depthcharts.DepthChartManagerTest" time="0.0"/>
  <testcase name="testAddPlayer" classname="com.trading.depthcharts.DepthChartManagerTest" time="0.001"/>
  <testcase name="testAddPlayerInvalidPositionDepth" classname="com.trading.depthcharts.DepthChartManagerTest" time="0.0"/>
  <testcase name="testGetBackupsNullPosition" classname="com.trading.depthcharts.DepthChartManagerTest" time="0.001"/>
  <testcase name="testAddPlayerMaxDepth" classname="com.trading.depthcharts.DepthChartManagerTest" time="0.0"/>
  <testcase name="testGetBackupsPositionEmpty" classname="com.trading.depthcharts.DepthChartManagerTest" time="0.001"/>
  <testcase name="testAddPlayerInvalidPosition" classname="com.trading.depthcharts.DepthChartManagerTest" time="0.0"/>
  <testcase name="testGetBackupsNoBackupPresent" classname="com.trading.depthcharts.DepthChartManagerTest" time="0.001"/>
  <testcase name="testRemovePlayerFromEmptyPosition" classname="com.trading.depthcharts.DepthChartManagerTest" time="0.0"/>
  <testcase name="testRemovePlayerNotFoundInPosition" classname="com.trading.depthcharts.DepthChartManagerTest" time="0.001"/>
  <testcase name="testRemovePlayerNonExistent" classname="com.trading.depthcharts.DepthChartManagerTest" time="0.0"/>
  <testcase name="testGetBackupsModifyList" classname="com.trading.depthcharts.DepthChartManagerTest" time="0.001"/>
  <testcase name="testAddPlayerAtNegativePositionDepth" classname="com.trading.depthcharts.DepthChartManagerTest" time="0.0"/>
</testsuite>